This is pdfTeX, Version 3.14159265-2.6-1.40.20 (TeX Live 2019) (preloaded format=pdflatex 2019.10.7)  10 DEC 2019 18:00
entering extended mode
 restricted \write18 enabled.
 %&-line parsing enabled.
**report
(./report.tex
LaTeX2e <2018-12-01>
(./llncs.cls
Document Class: llncs 2018/03/10 v2.20 
 LaTeX document class for Lecture Notes in Computer Science
(/usr/local/texlive/2019/texmf-dist/tex/latex/base/article.cls
Document Class: article 2018/09/03 v1.4i Standard LaTeX document class
(/usr/local/texlive/2019/texmf-dist/tex/latex/base/size10.clo
File: size10.clo 2018/09/03 v1.4i Standard LaTeX file (size option)
)
\c@part=\count80
\c@section=\count81
\c@subsection=\count82
\c@subsubsection=\count83
\c@paragraph=\count84
\c@subparagraph=\count85
\c@figure=\count86
\c@table=\count87
\abovecaptionskip=\skip41
\belowcaptionskip=\skip42
\bibindent=\dimen102
)
(/usr/local/texlive/2019/texmf-dist/tex/latex/tools/multicol.sty
Package: multicol 2018/12/27 v1.8v multicolumn formatting (FMi)
\c@tracingmulticols=\count88
\mult@box=\box27
\multicol@leftmargin=\dimen103
\c@unbalance=\count89
\c@collectmore=\count90
\doublecol@number=\count91
\multicoltolerance=\count92
\multicolpretolerance=\count93
\full@width=\dimen104
\page@free=\dimen105
\premulticols=\dimen106
\postmulticols=\dimen107
\multicolsep=\skip43
\multicolbaselineskip=\skip44
\partial@page=\box28
\last@line=\box29
\maxbalancingoverflow=\dimen108
\mult@rightbox=\box30
\mult@grightbox=\box31
\mult@gfirstbox=\box32
\mult@firstbox=\box33
\@tempa=\box34
\@tempa=\box35
\@tempa=\box36
\@tempa=\box37
\@tempa=\box38
\@tempa=\box39
\@tempa=\box40
\@tempa=\box41
\@tempa=\box42
\@tempa=\box43
\@tempa=\box44
\@tempa=\box45
\@tempa=\box46
\@tempa=\box47
\@tempa=\box48
\@tempa=\box49
\@tempa=\box50
\c@columnbadness=\count94
\c@finalcolumnbadness=\count95
\last@try=\dimen109
\multicolovershoot=\dimen110
\multicolundershoot=\dimen111
\mult@nat@firstbox=\box51
\colbreak@box=\box52
\mc@col@check@num=\count96
)
(/usr/local/texlive/2019/texmf-dist/tex/latex/oberdiek/aliascnt.sty
Package: aliascnt 2018/09/07 v1.5 Alias counters (HO)
)
\c@chapter=\count97
LaTeX Font Info:    Redeclaring math symbol \Gamma on input line 362.
LaTeX Font Info:    Redeclaring math symbol \Delta on input line 363.
LaTeX Font Info:    Redeclaring math symbol \Theta on input line 364.
LaTeX Font Info:    Redeclaring math symbol \Lambda on input line 365.
LaTeX Font Info:    Redeclaring math symbol \Xi on input line 366.
LaTeX Font Info:    Redeclaring math symbol \Pi on input line 367.
LaTeX Font Info:    Redeclaring math symbol \Sigma on input line 368.
LaTeX Font Info:    Redeclaring math symbol \Upsilon on input line 369.
LaTeX Font Info:    Redeclaring math symbol \Phi on input line 370.
LaTeX Font Info:    Redeclaring math symbol \Psi on input line 371.
LaTeX Font Info:    Redeclaring math symbol \Omega on input line 372.
\tocchpnum=\dimen112
\tocsecnum=\dimen113
\tocsectotal=\dimen114
\tocsubsecnum=\dimen115
\tocsubsectotal=\dimen116
\tocsubsubsecnum=\dimen117
\tocsubsubsectotal=\dimen118
\tocparanum=\dimen119
\tocparatotal=\dimen120
\tocsubparanum=\dimen121
\@tempcntc=\count98
\fnindent=\dimen122
\c@@inst=\count99
\c@@auth=\count100
\c@auco=\count101
\instindent=\dimen123
\authrun=\box53
\authorrunning=\toks14
\tocauthor=\toks15
\titrun=\box54
\titlerunning=\toks16
\toctitle=\toks17
\c@theorem=\count102
\c@case=\count103
\c@conjecture=\count104
\c@corollary=\count105
\c@definition=\count106
\c@example=\count107
\c@exercise=\count108
\c@lemma=\count109
\c@note=\count110
\c@problem=\count111
\c@property=\count112
\c@proposition=\count113
\c@question=\count114
\c@solution=\count115
\c@remark=\count116
\headlineindent=\dimen124
)
(/usr/local/texlive/2019/texmf-dist/tex/latex/graphics/graphicx.sty
Package: graphicx 2017/06/01 v1.1a Enhanced LaTeX Graphics (DPC,SPQR)

(/usr/local/texlive/2019/texmf-dist/tex/latex/graphics/keyval.sty
Package: keyval 2014/10/28 v1.15 key=value parser (DPC)
\KV@toks@=\toks18
)
(/usr/local/texlive/2019/texmf-dist/tex/latex/graphics/graphics.sty
Package: graphics 2017/06/25 v1.2c Standard LaTeX Graphics (DPC,SPQR)

(/usr/local/texlive/2019/texmf-dist/tex/latex/graphics/trig.sty
Package: trig 2016/01/03 v1.10 sin cos tan (DPC)
)
(/usr/local/texlive/2019/texmf-dist/tex/latex/graphics-cfg/graphics.cfg
File: graphics.cfg 2016/06/04 v1.11 sample graphics configuration
)
Package graphics Info: Driver file: pdftex.def on input line 99.

(/usr/local/texlive/2019/texmf-dist/tex/latex/graphics-def/pdftex.def
File: pdftex.def 2018/01/08 v1.0l Graphics/color driver for pdftex
))
\Gin@req@height=\dimen125
\Gin@req@width=\dimen126
)
(/usr/local/texlive/2019/texmf-dist/tex/latex/url/url.sty
\Urlmuskip=\muskip10
Package: url 2013/09/16  ver 3.4  Verb mode for urls, etc.
)
(/usr/local/texlive/2019/texmf-dist/tex/generic/babel/babel.sty
Package: babel 2019/05/04 3.31 The Babel package

(/usr/local/texlive/2019/texmf-dist/tex/generic/babel/switch.def
File: switch.def 2019/05/04 3.31 Babel switching mechanism
)
(/usr/local/texlive/2019/texmf-dist/tex/generic/babel-portuges/portuges.ldf
Language: portuges 2008/03/18 v1.2q Portuguese support from the babel system

(/usr/local/texlive/2019/texmf-dist/tex/generic/babel/babel.def
File: babel.def 2019/05/04 3.31 Babel common definitions
\babel@savecnt=\count117
\U@D=\dimen127

(/usr/local/texlive/2019/texmf-dist/tex/generic/babel/txtbabel.def)
\bbl@dirlevel=\count118
)
Package babel Info: Making " an active character on input line 145.
))
(/usr/local/texlive/2019/texmf-dist/tex/latex/base/fontenc.sty
Package: fontenc 2018/08/11 v2.0j Standard LaTeX package

(/usr/local/texlive/2019/texmf-dist/tex/latex/base/t1enc.def
File: t1enc.def 2018/08/11 v2.0j Standard LaTeX file
LaTeX Font Info:    Redeclaring font encoding T1 on input line 48.
))
(/usr/local/texlive/2019/texmf-dist/tex/latex/tools/verbatim.sty
Package: verbatim 2014/10/28 v1.5q LaTeX2e package for verbatim enhancements
\every@verbatim=\toks19
\verbatim@line=\toks20
\verbatim@in@stream=\read1
)
(/usr/local/texlive/2019/texmf-dist/tex/latex/float/float.sty
Package: float 2001/11/08 v1.3d Float enhancements (AL)
\c@float@type=\count119
\float@exts=\toks21
\float@box=\box55
\@float@everytoks=\toks22
\@floatcapt=\box56
)
(/usr/local/texlive/2019/texmf-dist/tex/latex/base/inputenc.sty
Package: inputenc 2018/08/11 v1.3c Input encoding file
\inpenc@prehook=\toks23
\inpenc@posthook=\toks24
) (./report.aux

LaTeX Warning: Label `fig27' multiply defined.


LaTeX Warning: Label `fig44' multiply defined.

)
\openout1 = `report.aux'.

LaTeX Font Info:    Checking defaults for OML/cmm/m/it on input line 15.
LaTeX Font Info:    ... okay on input line 15.
LaTeX Font Info:    Checking defaults for T1/cmr/m/n on input line 15.
LaTeX Font Info:    ... okay on input line 15.
LaTeX Font Info:    Checking defaults for OT1/cmr/m/n on input line 15.
LaTeX Font Info:    ... okay on input line 15.
LaTeX Font Info:    Checking defaults for OMS/cmsy/m/n on input line 15.
LaTeX Font Info:    ... okay on input line 15.
LaTeX Font Info:    Checking defaults for OMX/cmex/m/n on input line 15.
LaTeX Font Info:    ... okay on input line 15.
LaTeX Font Info:    Checking defaults for U/cmr/m/n on input line 15.
LaTeX Font Info:    ... okay on input line 15.
 (/usr/local/texlive/2019/texmf-dist/tex/context/base/mkii/supp-pdf.mkii
[Loading MPS to PDF converter (version 2006.09.02).]
\scratchcounter=\count120
\scratchdimen=\dimen128
\scratchbox=\box57
\nofMPsegments=\count121
\nofMParguments=\count122
\everyMPshowfont=\toks25
\MPscratchCnt=\count123
\MPscratchDim=\dimen129
\MPnumerator=\count124
\makeMPintoPDFobject=\count125
\everyMPtoPDFconversion=\toks26
) (/usr/local/texlive/2019/texmf-dist/tex/latex/oberdiek/epstopdf-base.sty
Package: epstopdf-base 2016/05/15 v2.6 Base part for package epstopdf

(/usr/local/texlive/2019/texmf-dist/tex/generic/oberdiek/infwarerr.sty
Package: infwarerr 2016/05/16 v1.4 Providing info/warning/error messages (HO)
)
(/usr/local/texlive/2019/texmf-dist/tex/latex/oberdiek/grfext.sty
Package: grfext 2016/05/16 v1.2 Manage graphics extensions (HO)

(/usr/local/texlive/2019/texmf-dist/tex/generic/oberdiek/kvdefinekeys.sty
Package: kvdefinekeys 2016/05/16 v1.4 Define keys (HO)

(/usr/local/texlive/2019/texmf-dist/tex/generic/oberdiek/ltxcmds.sty
Package: ltxcmds 2016/05/16 v1.23 LaTeX kernel commands for general use (HO)
)))
(/usr/local/texlive/2019/texmf-dist/tex/latex/oberdiek/kvoptions.sty
Package: kvoptions 2016/05/16 v3.12 Key value format for package options (HO)

(/usr/local/texlive/2019/texmf-dist/tex/generic/oberdiek/kvsetkeys.sty
Package: kvsetkeys 2016/05/16 v1.17 Key value parser (HO)

(/usr/local/texlive/2019/texmf-dist/tex/generic/oberdiek/etexcmds.sty
Package: etexcmds 2016/05/16 v1.6 Avoid name clashes with e-TeX commands (HO)

(/usr/local/texlive/2019/texmf-dist/tex/generic/oberdiek/ifluatex.sty
Package: ifluatex 2016/05/16 v1.4 Provides the ifluatex switch (HO)
Package ifluatex Info: LuaTeX not detected.
))))
(/usr/local/texlive/2019/texmf-dist/tex/generic/oberdiek/pdftexcmds.sty
Package: pdftexcmds 2018/09/10 v0.29 Utility functions of pdfTeX for LuaTeX (HO
)

(/usr/local/texlive/2019/texmf-dist/tex/generic/oberdiek/ifpdf.sty
Package: ifpdf 2018/09/07 v3.3 Provides the ifpdf switch
)
Package pdftexcmds Info: LuaTeX not detected.
Package pdftexcmds Info: \pdf@primitive is available.
Package pdftexcmds Info: \pdf@ifprimitive is available.
Package pdftexcmds Info: \pdfdraftmode found.
)
Package epstopdf-base Info: Redefining graphics rule for `.eps' on input line 4
38.
Package grfext Info: Graphics extension search list:
(grfext)             [.pdf,.png,.jpg,.mps,.jpeg,.jbig2,.jb2,.PDF,.PNG,.JPG,.JPE
G,.JBIG2,.JB2,.eps]
(grfext)             \AppendGraphicsExtensions on input line 456.

(/usr/local/texlive/2019/texmf-dist/tex/latex/latexconfig/epstopdf-sys.cfg
File: epstopdf-sys.cfg 2010/07/13 v1.3 Configuration of (r)epstopdf for TeX Liv
e
))
(./title.tex
LaTeX Font Info:    External font `cmex10' loaded for size
(Font)              <7> on input line 11.
LaTeX Font Info:    External font `cmex10' loaded for size
(Font)              <5> on input line 11.
LaTeX Font Info:    Try loading font information for OMS+cmr on input line 19.
 (/usr/local/texlive/2019/texmf-dist/tex/latex/base/omscmr.fd
File: omscmr.fd 2014/09/29 v2.5h Standard LaTeX font definitions
)
LaTeX Font Info:    Font shape `OMS/cmr/m/n' in size <9> not available
(Font)              Font shape `OMS/cmsy/m/n' tried instead on input line 19.
)
(./tarefa1.tex
<./images/sonarEvaluation.png, id=1, 787.94376pt x 639.38875pt>
File: ./images/sonarEvaluation.png Graphic file (type png)
<use ./images/sonarEvaluation.png>
Package pdftex.def Info: ./images/sonarEvaluation.png  used on input line 9.
(pdftex.def)             Requested size: 354.57141pt x 287.72227pt.

Overfull \hbox (7.44788pt too wide) in paragraph at lines 9--10
 [][] 
 []


Underfull \vbox (badness 10000) has occurred while \output is active []

 [1

{/usr/local/texlive/2019/texmf-var/fonts/map/pdftex/updmap/pdftex.map}] [2 <./i
mages/sonarEvaluation.png>]
Underfull \hbox (badness 10000) in paragraph at lines 28--30

 []

<./images/preWriteTryCatch.png, id=20, 428.60126pt x 111.41624pt>
File: ./images/preWriteTryCatch.png Graphic file (type png)
<use ./images/preWriteTryCatch.png>
Package pdftex.def Info: ./images/preWriteTryCatch.png  used on input line 38.
(pdftex.def)             Requested size: 214.3001pt x 55.70798pt.
<./images/posreWriteTryCatch.png, id=21, 643.40375pt x 200.75pt>
File: ./images/posreWriteTryCatch.png Graphic file (type png)
<use ./images/posreWriteTryCatch.png>
Package pdftex.def Info: ./images/posreWriteTryCatch.png  used on input line 50
.
(pdftex.def)             Requested size: 321.70108pt x 100.37474pt.

Underfull \hbox (badness 10000) in paragraph at lines 58--60

 []

<./images/preReadTryCatch.png, id=22, 646.415pt x 102.3825pt>
File: ./images/preReadTryCatch.png Graphic file (type png)
<use ./images/preReadTryCatch.png>
Package pdftex.def Info: ./images/preReadTryCatch.png  used on input line 69.
(pdftex.def)             Requested size: 323.20671pt x 51.19112pt.

Underfull \vbox (badness 1097) has occurred while \output is active []

 [3 <./images/preWriteTryCatch.png> <./images/posreWriteTryCatch.png>]
<./images/posreReadTryCatch.png, id=29, 408.52625pt x 190.7125pt>
File: ./images/posreReadTryCatch.png Graphic file (type png)
<use ./images/posreReadTryCatch.png>
Package pdftex.def Info: ./images/posreReadTryCatch.png  used on input line 81.

(pdftex.def)             Requested size: 204.26262pt x 95.356pt.

Underfull \hbox (badness 10000) in paragraph at lines 96--98

 []

<./images/randomGeneration.png, id=30, 445.665pt x 188.705pt>
File: ./images/randomGeneration.png Graphic file (type png)
<use ./images/randomGeneration.png>
Package pdftex.def Info: ./images/randomGeneration.png  used on input line 106.

(pdftex.def)             Requested size: 222.83195pt x 94.35226pt.

Underfull \vbox (badness 1990) has occurred while \output is active []

 [4 <./images/preReadTryCatch.png> <./images/posreReadTryCatch.png>]
Underfull \hbox (badness 10000) in paragraph at lines 117--119

 []

<./images/isEqualFunction.png, id=37, 297.11pt x 49.18375pt>
File: ./images/isEqualFunction.png Graphic file (type png)
<use ./images/isEqualFunction.png>
Package pdftex.def Info: ./images/isEqualFunction.png  used on input line 127.
(pdftex.def)             Requested size: 148.55463pt x 24.5918pt.

Underfull \hbox (badness 10000) in paragraph at lines 139--141

 []

<./images/hashCode.png, id=38, 228.855pt x 60.225pt>
File: ./images/hashCode.png Graphic file (type png)
<use ./images/hashCode.png>
Package pdftex.def Info: ./images/hashCode.png  used on input line 149.
(pdftex.def)             Requested size: 137.31404pt x 36.13527pt.

Underfull \hbox (badness 10000) in paragraph at lines 162--164

 []

[5 <./images/randomGeneration.png> <./images/isEqualFunction.png> <./images/has
hCode.png>]
<./images/Logger_info.png, id=45, 234.8775pt x 72.27pt>
File: ./images/Logger_info.png Graphic file (type png)
<use ./images/Logger_info.png>
Package pdftex.def Info: ./images/Logger_info.png  used on input line 170.
(pdftex.def)             Requested size: 140.92758pt x 43.36232pt.

Underfull \hbox (badness 10000) in paragraph at lines 184--186

 []

<./images/newSmallerCase.png, id=46, 204.765pt x 43.16125pt>
File: ./images/newSmallerCase.png Graphic file (type png)
<use ./images/newSmallerCase.png>
Package pdftex.def Info: ./images/newSmallerCase.png  used on input line 191.
(pdftex.def)             Requested size: 102.38223pt x 21.58057pt.
<./images/newSmallerFunction.png, id=47, 720.6925pt x 180.675pt>
File: ./images/newSmallerFunction.png Graphic file (type png)
<use ./images/newSmallerFunction.png>
Package pdftex.def Info: ./images/newSmallerFunction.png  used on input line 19
3.
(pdftex.def)             Requested size: 324.30862pt x 81.303pt.

Underfull \hbox (badness 10000) in paragraph at lines 202--203

 []


Underfull \hbox (badness 10000) in paragraph at lines 203--205

 []

[6 <./images/Logger_info.png> <./images/newSmallerCase.png> <./images/newSmalle
rFunction.png>]
Underfull \hbox (badness 10000) in paragraph at lines 208--210

 []


Overfull \hbox (3.906pt too wide) in paragraph at lines 213--215
[]\T1/cmr/m/n/10 Ter cons-tan-tes numa enu-me-ra-ção es-cri-tas em le-tras mi-n
ús-cu-las. Basta escreve-
 []


Underfull \hbox (badness 10000) in paragraph at lines 213--215

 []


Underfull \hbox (badness 10000) in paragraph at lines 218--220

 []


Underfull \hbox (badness 10000) in paragraph at lines 229--231

 []

<./images/catchBlockFill.png, id=54, 425.59pt x 17.06375pt>
File: ./images/catchBlockFill.png Graphic file (type png)
<use ./images/catchBlockFill.png>
Package pdftex.def Info: ./images/catchBlockFill.png  used on input line 236.
(pdftex.def)             Requested size: 255.35596pt x 10.23831pt.

Underfull \hbox (badness 10000) in paragraph at lines 246--248

 []


Overfull \hbox (3.60052pt too wide) in paragraph at lines 252--254
\T1/cmr/m/n/10 Ficheiros: In-va-lid-Ne-wRen-ta-lEx-cep-tion.java e In-va-lid-Nu
m-be-rO-fAr-gu-ment-sEx-
 []


Underfull \hbox (badness 10000) in paragraph at lines 252--254

 []

[7 <./images/catchBlockFill.png>]
<./images/exceptionCorrection.png, id=60, 540.0175pt x 52.195pt>
File: ./images/exceptionCorrection.png Graphic file (type png)
<use ./images/exceptionCorrection.png>
Package pdftex.def Info: ./images/exceptionCorrection.png  used on input line 2
61.
(pdftex.def)             Requested size: 324.013pt x 31.31723pt.

Overfull \hbox (3.60052pt too wide) in paragraph at lines 271--273
\T1/cmr/m/n/10 Ficheiros: In-va-lid-Ne-wRen-ta-lEx-cep-tion.java e In-va-lid-Nu
m-be-rO-fAr-gu-ment-sEx-
 []


Underfull \hbox (badness 10000) in paragraph at lines 271--273

 []

File: ./images/exceptionCorrection.png Graphic file (type png)
<use ./images/exceptionCorrection.png>
Package pdftex.def Info: ./images/exceptionCorrection.png  used on input line 2
80.
(pdftex.def)             Requested size: 324.013pt x 31.31723pt.

Overfull \hbox (1.62878pt too wide) in paragraph at lines 290--292
[]\T1/cmr/m/n/10 Ao re-por-tar algo o uti-li-za-dor deve ser ca-paz de ace-der 
aos logs fa-cil-mente,estes
 []


Underfull \hbox (badness 10000) in paragraph at lines 290--292

 []

<./images/logger.png, id=61, 583.17876pt x 328.22626pt>
File: ./images/logger.png Graphic file (type png)
<use ./images/logger.png>
Package pdftex.def Info: ./images/logger.png  used on input line 299.
(pdftex.def)             Requested size: 349.90996pt x 196.93727pt.

Overfull \hbox (2.78642pt too wide) in paragraph at lines 299--300
 [][] 
 []


Underfull \vbox (badness 10000) has occurred while \output is active []

 [8 <./images/exceptionCorrection.png>]
Underfull \hbox (badness 10000) in paragraph at lines 309--311

 []


Underfull \hbox (badness 10000) in paragraph at lines 318--320

 []

<./images/removedMethods.png, id=66, 256.96pt x 110.4125pt>
File: ./images/removedMethods.png Graphic file (type png)
<use ./images/removedMethods.png>
Package pdftex.def Info: ./images/removedMethods.png  used on input line 326.
(pdftex.def)             Requested size: 154.17719pt x 66.248pt.

Underfull \hbox (badness 10000) in paragraph at lines 336--338

 []


Underfull \vbox (badness 1721) has occurred while \output is active []

 [9 <./images/logger.png> <./images/removedMethods.png>]
Underfull \hbox (badness 10000) in paragraph at lines 343--345

 []


Underfull \hbox (badness 10000) in paragraph at lines 347--348

 []

<./images/packageRename.png, id=72, 151.56625pt x 35.13126pt>
File: ./images/packageRename.png Graphic file (type png)
<use ./images/packageRename.png>
Package pdftex.def Info: ./images/packageRename.png  used on input line 353.
(pdftex.def)             Requested size: 90.94044pt x 21.0789pt.

Underfull \hbox (badness 10000) in paragraph at lines 364--366

 []


Underfull \hbox (badness 10000) in paragraph at lines 368--369

 []

<./images/sizeForIsEmpty.png, id=73, 156.585pt x 18.0675pt>
File: ./images/sizeForIsEmpty.png Graphic file (type png)
<use ./images/sizeForIsEmpty.png>
Package pdftex.def Info: ./images/sizeForIsEmpty.png  used on input line 374.
(pdftex.def)             Requested size: 93.95172pt x 10.84058pt.
<./images/ifElseChangePre.png, id=74, 243.91125pt x 87.32625pt>
File: ./images/ifElseChangePre.png Graphic file (type png)
<use ./images/ifElseChangePre.png>
Package pdftex.def Info: ./images/ifElseChangePre.png  used on input line 389.
(pdftex.def)             Requested size: 146.34787pt x 52.39615pt.
<./images/ifElseChangePos.png, id=75, 258.9675pt x 89.33376pt>
File: ./images/ifElseChangePos.png Graphic file (type png)
<use ./images/ifElseChangePos.png>
Package pdftex.def Info: ./images/ifElseChangePos.png  used on input line 390.
(pdftex.def)             Requested size: 155.38168pt x 53.60065pt.
[10 <./images/packageRename.png> <./images/sizeForIsEmpty.png>]
Underfull \hbox (badness 10000) in paragraph at lines 401--403

 []


Underfull \hbox (badness 10000) in paragraph at lines 405--406

 []

<./images/packageMainJava.png, id=81, 134.5025pt x 21.07875pt>
File: ./images/packageMainJava.png Graphic file (type png)
<use ./images/packageMainJava.png>
Package pdftex.def Info: ./images/packageMainJava.png  used on input line 411.
(pdftex.def)             Requested size: 80.7021pt x 12.64732pt.

Underfull \hbox (badness 10000) in paragraph at lines 422--424

 []


Underfull \hbox (badness 10000) in paragraph at lines 426--427

 []

<./images/returnMinorEqual.png, id=82, 544.0325pt x 34.1275pt>
File: ./images/returnMinorEqual.png Graphic file (type png)
<use ./images/returnMinorEqual.png>
Package pdftex.def Info: ./images/returnMinorEqual.png  used on input line 432.

(pdftex.def)             Requested size: 326.42201pt x 20.47664pt.

Underfull \hbox (badness 10000) in paragraph at lines 443--445

 []


Underfull \hbox (badness 10000) in paragraph at lines 447--448

 []

<./images/CloneCar.png, id=83, 206.7725pt x 44.165pt>
File: ./images/CloneCar.png Graphic file (type png)
<use ./images/CloneCar.png>
Package pdftex.def Info: ./images/CloneCar.png  used on input line 453.
(pdftex.def)             Requested size: 124.06445pt x 26.49919pt.
[11 <./images/ifElseChangePre.png> <./images/ifElseChangePos.png> <./images/pac
kageMainJava.png> <./images/returnMinorEqual.png>]
Underfull \hbox (badness 10000) in paragraph at lines 466--468

 []


Underfull \hbox (badness 10000) in paragraph at lines 470--471

 []

<./images/returningArrayList.png, id=91, 396.48125pt x 19.07124pt>
File: ./images/returningArrayList.png Graphic file (type png)
<use ./images/returningArrayList.png>
Package pdftex.def Info: ./images/returningArrayList.png  used on input line 47
7.
(pdftex.def)             Requested size: 237.89058pt x 11.44283pt.
<./images/returningList.png, id=92, 366.36874pt x 15.05624pt>
File: ./images/returningList.png Graphic file (type png)
<use ./images/returningList.png>
Package pdftex.def Info: ./images/returningList.png  used on input line 478.
(pdftex.def)             Requested size: 219.82294pt x 9.0338pt.

Underfull \hbox (badness 10000) in paragraph at lines 489--491

 []

<./images/filterEpre.png, id=93, 293.095pt x 15.05624pt>
File: ./images/filterEpre.png Graphic file (type png)
<use ./images/filterEpre.png>
Package pdftex.def Info: ./images/filterEpre.png  used on input line 497.
(pdftex.def)             Requested size: 175.85834pt x 9.0338pt.
<./images/filterEpos.png, id=94, 257.96375pt x 17.06375pt>
File: ./images/filterEpos.png Graphic file (type png)
<use ./images/filterEpos.png>
Package pdftex.def Info: ./images/filterEpos.png  used on input line 498.
(pdftex.def)             Requested size: 154.77943pt x 10.23831pt.

Underfull \hbox (badness 10000) in paragraph at lines 510--512

 []

<./images/reorderDeclarations.png, id=95, 532.99126pt x 90.3375pt>
File: ./images/reorderDeclarations.png Graphic file (type png)
<use ./images/reorderDeclarations.png>
Package pdftex.def Info: ./images/reorderDeclarations.png  used on input line 5
18.
(pdftex.def)             Requested size: 319.79723pt x 54.2029pt.

Underfull \hbox (badness 10000) in paragraph at lines 529--531

 []

[12 <./images/CloneCar.png> <./images/returningArrayList.png> <./images/returni
ngList.png> <./images/filterEpre.png> <./images/filterEpos.png> <./images/reord
erDeclarations.png>]
<./images/resetFunction.png, id=105, 403.5075pt x 50.1875pt>
File: ./images/resetFunction.png Graphic file (type png)
<use ./images/resetFunction.png>
Package pdftex.def Info: ./images/resetFunction.png  used on input line 537.
(pdftex.def)             Requested size: 242.10637pt x 30.11272pt.

Underfull \hbox (badness 10000) in paragraph at lines 548--550

 []

<./images/renameFunction.png, id=106, 400.49625pt x 52.195pt>
File: ./images/renameFunction.png Graphic file (type png)
<use ./images/renameFunction.png>
Package pdftex.def Info: ./images/renameFunction.png  used on input line 556.
(pdftex.def)             Requested size: 240.29959pt x 31.31723pt.

Underfull \hbox (badness 10000) in paragraph at lines 567--569

 []

<./images/varsMaiusculas.png, id=107, 234.8775pt x 37.13875pt>
File: ./images/varsMaiusculas.png Graphic file (type png)
<use ./images/varsMaiusculas.png>
Package pdftex.def Info: ./images/varsMaiusculas.png  used on input line 576.
(pdftex.def)             Requested size: 140.92758pt x 22.28342pt.

Underfull \hbox (badness 10000) in paragraph at lines 590--591

 []

[13 <./images/resetFunction.png> <./images/renameFunction.png> <./images/varsMa
iusculas.png>]
Underfull \hbox (badness 10000) in paragraph at lines 599--600

 []


Underfull \hbox (badness 10000) in paragraph at lines 601--602

 []


Underfull \hbox (badness 10000) in paragraph at lines 603--604

 []

<./images/JStanley'sOutput.png, id=115, 1409.265pt x 482.80376pt>
File: ./images/JStanley'sOutput.png Graphic file (type png)
<use ./images/JStanley'sOutput.png>
Package pdftex.def Info: ./images/JStanley'sOutput.png  used on input line 614.

(pdftex.def)             Requested size: 493.25015pt x 168.98384pt.

Underfull \hbox (badness 10000) in paragraph at lines 622--623

 []

[14 <./images/JStanley'sOutput.png>]
Underfull \hbox (badness 10000) in paragraph at lines 625--626

 []

<./images/JStanley'sOutput2.png, id=120, 1445.4pt x 903.375pt>
File: ./images/JStanley'sOutput2.png Graphic file (type png)
<use ./images/JStanley'sOutput2.png>
Package pdftex.def Info: ./images/JStanley'sOutput2.png  used on input line 631
.
(pdftex.def)             Requested size: 505.89758pt x 316.18599pt.
<./images/allFixed.png, id=121, 472.76625pt x 459.7175pt>
File: ./images/allFixed.png Graphic file (type png)
<use ./images/allFixed.png>
Package pdftex.def Info: ./images/allFixed.png  used on input line 645.
(pdftex.def)             Requested size: 283.66193pt x 275.83263pt.
[15 <./images/JStanley'sOutput2.png>] [16 <./images/allFixed.png>])
(./tarefa3.tex
<./images/clientTest1.png, id=130, 1138.2525pt x 714.67pt>
File: ./images/clientTest1.png Graphic file (type png)
<use ./images/clientTest1.png>
Package pdftex.def Info: ./images/clientTest1.png  used on input line 20.
(pdftex.def)             Requested size: 455.29294pt x 285.86293pt.
<./images/clientTestResults.png, id=131, 1440.38126pt x 903.375pt>
File: ./images/clientTestResults.png Graphic file (type png)
<use ./images/clientTestResults.png>
Package pdftex.def Info: ./images/clientTestResults.png  used on input line 28.

(pdftex.def)             Requested size: 504.14099pt x 316.18599pt.

Underfull \vbox (badness 6284) has occurred while \output is active []

 [17 <./images/clientTest1.png>]
Underfull \hbox (badness 10000) in paragraph at lines 37--38

 []

<./images/coverageClient.png, id=136, 628.3475pt x 558.085pt>
File: ./images/coverageClient.png Graphic file (type png)
<use ./images/coverageClient.png>
Package pdftex.def Info: ./images/coverageClient.png  used on input line 43.
(pdftex.def)             Requested size: 282.75375pt x 251.13593pt.

Underfull \vbox (badness 10000) has occurred while \output is active []

 [18 <./images/clientTestResults.png>]
Overfull \hbox (34.30222pt too wide) in paragraph at lines 51--52
[]\T1/cmr/m/it/10 Nota1: \T1/cmr/m/n/10 Note-se que o facto do teste co-brir 46
% das clas-ses do pac-kage main.java.model
 []


Underfull \hbox (badness 10000) in paragraph at lines 51--52

 []


Overfull \hbox (3.61526pt too wide) in paragraph at lines 52--53
[]\T1/cmr/m/it/10 Nota2: \T1/cmr/m/n/10 Note-se que o teste de co-ber-tura só a
brange o pac-kage main.java.model.
 []

<./images/evoMain.png, id=141, 218.8175pt x 182.6825pt>
File: ./images/evoMain.png Graphic file (type png)
<use ./images/evoMain.png>
Package pdftex.def Info: ./images/evoMain.png  used on input line 64.
(pdftex.def)             Requested size: 98.46695pt x 82.20634pt.
<./images/evoController.png, id=142, 227.85126pt x 66.2475pt>
File: ./images/evoController.png Graphic file (type png)
<use ./images/evoController.png>
Package pdftex.def Info: ./images/evoController.png  used on input line 68.
(pdftex.def)             Requested size: 102.5321pt x 55.41832pt.
<./images/evoExceptions.png, id=143, 403.5075pt x 545.03625pt>
File: ./images/evoExceptions.png Graphic file (type png)
<use ./images/evoExceptions.png>
Package pdftex.def Info: ./images/evoExceptions.png  used on input line 72.
(pdftex.def)             Requested size: 181.57669pt x 270.87129pt.
<./images/evoUtils.png, id=144, 247.92625pt x 101.37875pt>
File: ./images/evoUtils.png Graphic file (type png)
<use ./images/evoUtils.png>
Package pdftex.def Info: ./images/evoUtils.png  used on input line 76.
(pdftex.def)             Requested size: 111.56578pt x 71.22725pt.
<./images/evoModel.png, id=145, 272.01625pt x 507.8975pt>
File: ./images/evoModel.png Graphic file (type png)
<use ./images/evoModel.png>
Package pdftex.def Info: ./images/evoModel.png  used on input line 85.
(pdftex.def)             Requested size: 122.40617pt x 254.15901pt.
<./images/evoView.png, id=146, 310.15875pt x 482.80376pt>
File: ./images/evoView.png Graphic file (type png)
<use ./images/evoView.png>
Package pdftex.def Info: ./images/evoView.png  used on input line 89.
(pdftex.def)             Requested size: 139.57014pt x 242.86693pt.

Underfull \vbox (badness 10000) has occurred while \output is active []

 [19 <./images/coverageClient.png>]
Overfull \vbox (18.58322pt too high) has occurred while \output is active []


[20 <./images/evoMain.png> <./images/evoController.png> <./images/evoExceptions
.png> <./images/evoUtils.png>]
Underfull \vbox (badness 10000) has occurred while \output is active []

 [21 <./images/evoModel.png> <./images/evoView.png>]
<./images/erroCertoMain_ESTest.png, id=164, 871.255pt x 574.145pt>
File: ./images/erroCertoMain_ESTest.png Graphic file (type png)
<use ./images/erroCertoMain_ESTest.png>
Package pdftex.def Info: ./images/erroCertoMain_ESTest.png  used on input line 
111.
(pdftex.def)             Requested size: 392.06113pt x 258.36285pt.

Overfull \hbox (44.93759pt too wide) in paragraph at lines 111--112
 [][] 
 []

[22 <./images/erroCertoMain_ESTest.png>]
<./images/ControllerTests.png, id=169, 419.5675pt x 744.7825pt>
File: ./images/ControllerTests.png Graphic file (type png)
<use ./images/ControllerTests.png>
Package pdftex.def Info: ./images/ControllerTests.png  used on input line 130.
(pdftex.def)             Requested size: 188.80362pt x 335.14903pt.
<./images/ControllerTests2.png, id=170, 422.57875pt x 40.15pt>
File: ./images/ControllerTests2.png Graphic file (type png)
<use ./images/ControllerTests2.png>
Package pdftex.def Info: ./images/ControllerTests2.png  used on input line 131.

(pdftex.def)             Requested size: 190.15868pt x 18.06732pt.
<./images/MainTests.png, id=171, 272.01625pt x 129.48375pt>
File: ./images/MainTests.png Graphic file (type png)
<use ./images/MainTests.png>
Package pdftex.def Info: ./images/MainTests.png  used on input line 141.
(pdftex.def)             Requested size: 122.40617pt x 58.26714pt.
<./images/ClientTests.png, id=172, 420.57124pt x 479.7925pt>
File: ./images/ClientTests.png Graphic file (type png)
<use ./images/ClientTests.png>
Package pdftex.def Info: ./images/ClientTests.png  used on input line 152.
(pdftex.def)             Requested size: 189.25531pt x 215.90462pt.

Underfull \vbox (badness 10000) has occurred while \output is active []

 [23 <./images/ControllerTests.png> <./images/ControllerTests2.png>] [24 <./ima
ges/MainTests.png> <./images/ClientTests.png>]
<./images/jacoco.png, id=183, 1073.00874pt x 673.51625pt>
File: ./images/jacoco.png Graphic file (type png)
<use ./images/jacoco.png>
Package pdftex.def Info: ./images/jacoco.png  used on input line 169.
(pdftex.def)             Requested size: 482.84947pt x 303.07951pt.
<./images/runCoverage.png, id=184, 1445.4pt x 903.375pt>
File: ./images/runCoverage.png Graphic file (type png)
<use ./images/runCoverage.png>
Package pdftex.def Info: ./images/runCoverage.png  used on input line 183.
(pdftex.def)             Requested size: 505.89758pt x 316.18599pt.

Underfull \vbox (badness 10000) has occurred while \output is active []

 [25 <./images/jacoco.png>]
<./images/resultsCoverage.png, id=190, 555.07375pt x 184.69pt>
File: ./images/resultsCoverage.png Graphic file (type png)
<use ./images/resultsCoverage.png>
Package pdftex.def Info: ./images/resultsCoverage.png  used on input line 197.
(pdftex.def)             Requested size: 249.78087pt x 83.10971pt.
<./images/falhaTeste01.png, id=191, 1402.23875pt x 242.9075pt>
File: ./images/falhaTeste01.png Graphic file (type png)
<use ./images/falhaTeste01.png>
Package pdftex.def Info: ./images/falhaTeste01.png  used on input line 211.
(pdftex.def)             Requested size: 631.00162pt x 109.30736pt.

Underfull \vbox (badness 10000) has occurred while \output is active []

 [26 <./images/runCoverage.png> <./images/resultsCoverage.png>]) (./tarefa4.tex
)

LaTeX Warning: Empty `thebibliography' environment on input line 25.

[27 <./images/falhaTeste01.png>] (./report.aux)

LaTeX Warning: There were multiply-defined labels.

 ) 
Here is how much of TeX's memory you used:
 3125 strings out of 492616
 45405 string characters out of 6129481
 121569 words of memory out of 5000000
 6944 multiletter control sequences out of 15000+600000
 11430 words of font info for 25 fonts, out of 8000000 for 9000
 1141 hyphenation exceptions out of 8191
 41i,7n,25p,549b,301s stack positions out of 5000i,500n,10000p,200000b,80000s
{/usr/local/texlive/2019/texmf-dist/fonts/enc/dvips/cm-super/cm-super-t1.enc}
</usr/local/texlive/2019/texmf-dist/fonts/type1/public/amsfonts/cm/cmsy10.pfb><
/usr/local/texlive/2019/texmf-dist/fonts/type1/public/amsfonts/cm/cmsy9.pfb></u
sr/local/texlive/2019/texmf-dist/fonts/type1/public/cm-super/sfbx0900.pfb></usr
/local/texlive/2019/texmf-dist/fonts/type1/public/cm-super/sfbx1000.pfb></usr/l
ocal/texlive/2019/texmf-dist/fonts/type1/public/cm-super/sfbx1200.pfb></usr/loc
al/texlive/2019/texmf-dist/fonts/type1/public/cm-super/sfbx1440.pfb></usr/local
/texlive/2019/texmf-dist/fonts/type1/public/cm-super/sfrm0900.pfb></usr/local/t
exlive/2019/texmf-dist/fonts/type1/public/cm-super/sfrm1000.pfb></usr/local/tex
live/2019/texmf-dist/fonts/type1/public/cm-super/sfti0900.pfb></usr/local/texli
ve/2019/texmf-dist/fonts/type1/public/cm-super/sfti1000.pfb>
Output written on report.pdf (27 pages, 1493598 bytes).
PDF statistics:
 235 PDF objects out of 1000 (max. 8388607)
 93 compressed objects within 1 object stream
 0 named destinations out of 1000 (max. 500000)
 256 words of extra memory for PDF output out of 10000 (max. 10000000)

