[MASTER] 21:47:03.899 [pool-2-thread-1] ERROR TestCluster - Failed to check cache for java.util.LinkedList<E> : Type points to itself
[MASTER] 21:47:03.900 [pool-2-thread-1] ERROR TestCluster - Failed to check cache for java.util.List<E> : Type points to itself
[MASTER] 21:47:07.640 [pool-2-thread-1] ERROR TestCluster - Failed to check cache for java.util.Comparator<T> : Type points to itself
[MASTER] 21:47:35.835 [Thread-4] ERROR ClientNodeImpl - Cannot inform master of change of state
java.rmi.ServerException: RemoteException occurred in server thread; nested exception is: 
	java.rmi.UnmarshalException: error unmarshalling arguments; nested exception is: 
	java.io.OptionalDataException
	at sun.rmi.server.UnicastServerRef.dispatch(UnicastServerRef.java:389) ~[na:1.8.0_231]
	at sun.rmi.transport.Transport$1.run(Transport.java:200) ~[na:1.8.0_231]
	at sun.rmi.transport.Transport$1.run(Transport.java:197) ~[na:1.8.0_231]
	at java.security.AccessController.doPrivileged(Native Method) ~[na:1.8.0_231]
	at sun.rmi.transport.Transport.serviceCall(Transport.java:196) ~[na:1.8.0_231]
	at sun.rmi.transport.tcp.TCPTransport.handleMessages(TCPTransport.java:573) ~[na:1.8.0_231]
	at sun.rmi.transport.tcp.TCPTransport$ConnectionHandler.run0(TCPTransport.java:834) ~[na:1.8.0_231]
	at sun.rmi.transport.tcp.TCPTransport$ConnectionHandler.lambda$run$0(TCPTransport.java:688) ~[na:1.8.0_231]
	at java.security.AccessController.doPrivileged(Native Method) ~[na:1.8.0_231]
	at sun.rmi.transport.tcp.TCPTransport$ConnectionHandler.run(TCPTransport.java:687) ~[na:1.8.0_231]
	at java.util.concurrent.ThreadPoolExecutor.runWorker(ThreadPoolExecutor.java:1149) ~[na:1.8.0_231]
	at java.util.concurrent.ThreadPoolExecutor$Worker.run(ThreadPoolExecutor.java:624) ~[na:1.8.0_231]
	at java.lang.Thread.run(Thread.java:748) ~[na:1.8.0_231]
	at sun.rmi.transport.StreamRemoteCall.exceptionReceivedFromServer(StreamRemoteCall.java:303) ~[na:1.8.0_231]
	at sun.rmi.transport.StreamRemoteCall.executeCall(StreamRemoteCall.java:279) ~[na:1.8.0_231]
	at sun.rmi.server.UnicastRef.invoke(UnicastRef.java:161) ~[na:1.8.0_231]
	at java.rmi.server.RemoteObjectInvocationHandler.invokeRemoteMethod(RemoteObjectInvocationHandler.java:227) ~[na:1.8.0_231]
	at java.rmi.server.RemoteObjectInvocationHandler.invoke(RemoteObjectInvocationHandler.java:179) ~[na:1.8.0_231]
	at com.sun.proxy.$Proxy7.evosuite_collectStatistics(Unknown Source) ~[na:na]
	at org.evosuite.rmi.service.ClientNodeImpl.updateStatistics(ClientNodeImpl.java:237) ~[evosuite-1.0.6.jar:1.0.6]
	at org.evosuite.statistics.StatisticsSender.sendIndividualToMaster(StatisticsSender.java:68) [evosuite-1.0.6.jar:1.0.6]
	at org.evosuite.statistics.StatisticsListener$1.run(StatisticsListener.java:71) [evosuite-1.0.6.jar:1.0.6]
Caused by: java.rmi.UnmarshalException: error unmarshalling arguments; nested exception is: 
	java.io.OptionalDataException
	at sun.rmi.server.UnicastServerRef.dispatch(UnicastServerRef.java:348) ~[na:1.8.0_231]
	at sun.rmi.transport.Transport$1.run(Transport.java:200) ~[na:1.8.0_231]
	at sun.rmi.transport.Transport$1.run(Transport.java:197) ~[na:1.8.0_231]
	at java.security.AccessController.doPrivileged(Native Method) ~[na:1.8.0_231]
	at sun.rmi.transport.Transport.serviceCall(Transport.java:196) ~[na:1.8.0_231]
	at sun.rmi.transport.tcp.TCPTransport.handleMessages(TCPTransport.java:573) ~[na:1.8.0_231]
	at sun.rmi.transport.tcp.TCPTransport$ConnectionHandler.run0(TCPTransport.java:834) ~[na:1.8.0_231]
	at sun.rmi.transport.tcp.TCPTransport$ConnectionHandler.lambda$run$0(TCPTransport.java:688) ~[na:1.8.0_231]
	at java.security.AccessController.doPrivileged(Native Method) ~[na:1.8.0_231]
	at sun.rmi.transport.tcp.TCPTransport$ConnectionHandler.run(TCPTransport.java:687) ~[na:1.8.0_231]
	at java.util.concurrent.ThreadPoolExecutor.runWorker(ThreadPoolExecutor.java:1149) ~[na:1.8.0_231]
	at java.util.concurrent.ThreadPoolExecutor$Worker.run(ThreadPoolExecutor.java:624) ~[na:1.8.0_231]
	at java.lang.Thread.run(Thread.java:748) ~[na:1.8.0_231]
Caused by: java.io.OptionalDataException: null
	at java.io.ObjectInputStream.readObject0(ObjectInputStream.java:1593) ~[na:1.8.0_231]
	at java.io.ObjectInputStream.readObject(ObjectInputStream.java:431) ~[na:1.8.0_231]
	at java.util.HashMap.readObject(HashMap.java:1410) ~[na:1.8.0_231]
	at sun.reflect.GeneratedMethodAccessor7.invoke(Unknown Source) ~[na:na]
	at sun.reflect.DelegatingMethodAccessorImpl.invoke(DelegatingMethodAccessorImpl.java:43) ~[na:1.8.0_231]
	at java.lang.reflect.Method.invoke(Method.java:498) ~[na:1.8.0_231]
	at java.io.ObjectStreamClass.invokeReadObject(ObjectStreamClass.java:1170) ~[na:1.8.0_231]
	at java.io.ObjectInputStream.readSerialData(ObjectInputStream.java:2178) ~[na:1.8.0_231]
	at java.io.ObjectInputStream.readOrdinaryObject(ObjectInputStream.java:2069) ~[na:1.8.0_231]
	at java.io.ObjectInputStream.readObject0(ObjectInputStream.java:1573) ~[na:1.8.0_231]
	at java.io.ObjectInputStream.defaultReadFields(ObjectInputStream.java:2287) ~[na:1.8.0_231]
	at java.io.ObjectInputStream.readSerialData(ObjectInputStream.java:2211) ~[na:1.8.0_231]
	at java.io.ObjectInputStream.readOrdinaryObject(ObjectInputStream.java:2069) ~[na:1.8.0_231]
	at java.io.ObjectInputStream.readObject0(ObjectInputStream.java:1573) ~[na:1.8.0_231]
	at java.io.ObjectInputStream.readObject(ObjectInputStream.java:431) ~[na:1.8.0_231]
	at java.util.HashMap.readObject(HashMap.java:1410) ~[na:1.8.0_231]
	at sun.reflect.GeneratedMethodAccessor7.invoke(Unknown Source) ~[na:na]
	at sun.reflect.DelegatingMethodAccessorImpl.invoke(DelegatingMethodAccessorImpl.java:43) ~[na:1.8.0_231]
	at java.lang.reflect.Method.invoke(Method.java:498) ~[na:1.8.0_231]
	at java.io.ObjectStreamClass.invokeReadObject(ObjectStreamClass.java:1170) ~[na:1.8.0_231]
	at java.io.ObjectInputStream.readSerialData(ObjectInputStream.java:2178) ~[na:1.8.0_231]
	at java.io.ObjectInputStream.readOrdinaryObject(ObjectInputStream.java:2069) ~[na:1.8.0_231]
	at java.io.ObjectInputStream.readObject0(ObjectInputStream.java:1573) ~[na:1.8.0_231]
	at java.io.ObjectInputStream.defaultReadFields(ObjectInputStream.java:2287) ~[na:1.8.0_231]
	at java.io.ObjectInputStream.readSerialData(ObjectInputStream.java:2211) ~[na:1.8.0_231]
	at java.io.ObjectInputStream.readOrdinaryObject(ObjectInputStream.java:2069) ~[na:1.8.0_231]
	at java.io.ObjectInputStream.readObject0(ObjectInputStream.java:1573) ~[na:1.8.0_231]
	at java.io.ObjectInputStream.readObject(ObjectInputStream.java:431) ~[na:1.8.0_231]
	at sun.rmi.server.UnicastRef.unmarshalValue(UnicastRef.java:322) ~[na:1.8.0_231]
	at sun.rmi.server.UnicastServerRef.unmarshalParametersUnchecked(UnicastServerRef.java:629) ~[na:1.8.0_231]
	at sun.rmi.server.UnicastServerRef.unmarshalParameters(UnicastServerRef.java:617) ~[na:1.8.0_231]
	at sun.rmi.server.UnicastServerRef.dispatch(UnicastServerRef.java:338) ~[na:1.8.0_231]
	... 12 common frames omitted
[MASTER] 21:49:34.992 [pool-2-thread-1] ERROR TestCluster - Failed to check cache for java.util.function.Function<T, R> : Type points to itself
[MASTER] 21:55:11.534 [pool-2-thread-1] ERROR TestCluster - Failed to check cache for java.util.function.Predicate<T> : Type points to itself
[MASTER] 22:00:27.458 [pool-2-thread-1] ERROR TestCluster - Failed to check cache for java.time.temporal.TemporalQuery<R> : Type points to itself
