* Starting client
* Properties loaded from /Users/henrique/Documents/4ano/ATS/projeto/demo1/evosuite-files/evosuite.properties
* Connecting to master process on port 8519
* Analyzing classpath: 
  - /Users/henrique/Documents/4ano/ATS/projeto/demo1/out/production/demo1
  - /Library/Java/JavaVirtualMachines/jdk1.8.0_201.jdk/Contents/Home/jre/lib/charsets.jar
  - /Library/Java/JavaVirtualMachines/jdk1.8.0_201.jdk/Contents/Home/jre/lib/deploy.jar
  - /Library/Java/JavaVirtualMachines/jdk1.8.0_201.jdk/Contents/Home/jre/lib/ext/cldrdata.jar
  - /Library/Java/JavaVirtualMachines/jdk1.8.0_201.jdk/Contents/Home/jre/lib/ext/dnsns.jar
  - /Library/Java/JavaVirtualMachines/jdk1.8.0_201.jdk/Contents/Home/jre/lib/ext/jaccess.jar
  - /Library/Java/JavaVirtualMachines/jdk1.8.0_201.jdk/Contents/Home/jre/lib/ext/jfxrt.jar
  - /Library/Java/JavaVirtualMachines/jdk1.8.0_201.jdk/Contents/Home/jre/lib/ext/localedata.jar
  - /Library/Java/JavaVirtualMachines/jdk1.8.0_201.jdk/Contents/Home/jre/lib/ext/nashorn.jar
  - /Library/Java/JavaVirtualMachines/jdk1.8.0_201.jdk/Contents/Home/jre/lib/ext/sunec.jar
  - /Library/Java/JavaVirtualMachines/jdk1.8.0_201.jdk/Contents/Home/jre/lib/ext/sunjce_provider.jar
  - /Library/Java/JavaVirtualMachines/jdk1.8.0_201.jdk/Contents/Home/jre/lib/ext/sunpkcs11.jar
  - /Library/Java/JavaVirtualMachines/jdk1.8.0_201.jdk/Contents/Home/jre/lib/ext/zipfs.jar
  - /Library/Java/JavaVirtualMachines/jdk1.8.0_201.jdk/Contents/Home/jre/lib/javaws.jar
  - /Library/Java/JavaVirtualMachines/jdk1.8.0_201.jdk/Contents/Home/jre/lib/jce.jar
  - /Library/Java/JavaVirtualMachines/jdk1.8.0_201.jdk/Contents/Home/jre/lib/jfr.jar
  - /Library/Java/JavaVirtualMachines/jdk1.8.0_201.jdk/Contents/Home/jre/lib/jfxswt.jar
  - /Library/Java/JavaVirtualMachines/jdk1.8.0_201.jdk/Contents/Home/jre/lib/jsse.jar
  - /Library/Java/JavaVirtualMachines/jdk1.8.0_201.jdk/Contents/Home/jre/lib/management-agent.jar
  - /Library/Java/JavaVirtualMachines/jdk1.8.0_201.jdk/Contents/Home/jre/lib/plugin.jar
  - /Library/Java/JavaVirtualMachines/jdk1.8.0_201.jdk/Contents/Home/jre/lib/resources.jar
  - /Library/Java/JavaVirtualMachines/jdk1.8.0_201.jdk/Contents/Home/jre/lib/rt.jar
  - /Library/Java/JavaVirtualMachines/jdk1.8.0_201.jdk/Contents/Home/lib/ant-javafx.jar
  - /Library/Java/JavaVirtualMachines/jdk1.8.0_201.jdk/Contents/Home/lib/dt.jar
  - /Library/Java/JavaVirtualMachines/jdk1.8.0_201.jdk/Contents/Home/lib/javafx-mx.jar
  - /Library/Java/JavaVirtualMachines/jdk1.8.0_201.jdk/Contents/Home/lib/jconsole.jar
  - /Library/Java/JavaVirtualMachines/jdk1.8.0_201.jdk/Contents/Home/lib/packager.jar
  - /Library/Java/JavaVirtualMachines/jdk1.8.0_201.jdk/Contents/Home/lib/sa-jdi.jar
  - /Library/Java/JavaVirtualMachines/jdk1.8.0_201.jdk/Contents/Home/lib/tools.jar
  - /Users/henrique/Documents/4ano/ATS/projeto/demo1/out/production/demo1
* Finished analyzing classpath
* Generating tests for class main.java.model.Rental
* Test criteria:
  - Line Coverage
  - Branch Coverage
  - Exception
  - Mutation testing (weak)
  - Method-Output Coverage
  - Top-Level Method Coverage
  - No-Exception Top-Level Method Coverage
  - Context Branch Coverage
* Setting up search algorithm for whole suite generation
[MASTER] 22:21:06.952 [pool-2-thread-1] WARN  TestSuiteSerialization - Cannot load tests because file does not exist: /Users/henrique/Documents/4ano/ATS/projeto/demo1/.evosuite/evosuite-seeds/main.java.model.Rental.seed
* Loaded 0 tests from /Users/henrique/Documents/4ano/ATS/projeto/demo1/.evosuite/evosuite-seeds/main.java.model.Rental.seed
* Total number of test goals: 
  - Line 82
  - Branch 42
  - Exception 0
  - MutationFactory 212
  - Output 34
  - Method 17
  - MethodNoException 17
  - CBranchFitnessFactory 42
* Using seed 1574374858919
* Starting evolution
* Search finished after 174s and 1313 generations, 740046 statements, best individual has fitness: 17.576923076923077
* Writing sequences to pool
* Minimizing test suite
* Going to analyze the coverage criteria
* Coverage analysis for criterion LINE
* Coverage of criterion LINE: 100%
* Total number of goals: 82
* Number of covered goals: 82
* Coverage analysis for criterion BRANCH
* Coverage of criterion BRANCH: 95%
* Total number of goals: 42
* Number of covered goals: 40
* Coverage analysis for criterion EXCEPTION
* Coverage of criterion EXCEPTION: 100%
* Total number of goals: 12
* Number of covered goals: 12
* Coverage analysis for criterion WEAKMUTATION
* Coverage of criterion WEAKMUTATION: 100%
* Total number of goals: 212
* Number of covered goals: 211
* Coverage analysis for criterion OUTPUT
* Coverage of criterion OUTPUT: 65%
* Total number of goals: 34
* Number of covered goals: 22
* Coverage analysis for criterion METHOD
* Coverage of criterion METHOD: 100%
* Total number of goals: 17
* Number of covered goals: 17
* Coverage analysis for criterion METHODNOEXCEPTION
* Coverage of criterion METHODNOEXCEPTION: 100%
* Total number of goals: 17
* Number of covered goals: 17
* Coverage analysis for criterion CBRANCH
* Coverage of criterion CBRANCH: 95%
* Total number of goals: 42
* Number of covered goals: 40
* Generated 50 tests with total length 433
* Resulting test suite's coverage: 94% (average coverage for all fitness functions)
* Generating assertions
* Resulting test suite's mutation score: 74%
* Compiling and checking tests
* Permissions denied during test execution: 
  - java.io.FilePermission: 
         write /dev/random: 1
* Writing JUnit test case 'Rental_ESTest' to /Users/henrique/Documents/4ano/ATS/projeto/demo1/.evosuite/tmp_2019_11_21_21_46_46/tests
* Done!

