* Starting client
* Connecting to master process on port 13807
* Analyzing classpath: 
  - /Users/henrique/Documents/4ano/ATS/projeto/demo1/target/classes
  - /Library/Java/JavaVirtualMachines/jdk1.8.0_201.jdk/Contents/Home/jre/lib/charsets.jar
  - /Library/Java/JavaVirtualMachines/jdk1.8.0_201.jdk/Contents/Home/jre/lib/deploy.jar
  - /Library/Java/JavaVirtualMachines/jdk1.8.0_201.jdk/Contents/Home/jre/lib/ext/cldrdata.jar
  - /Library/Java/JavaVirtualMachines/jdk1.8.0_201.jdk/Contents/Home/jre/lib/ext/dnsns.jar
  - /Library/Java/JavaVirtualMachines/jdk1.8.0_201.jdk/Contents/Home/jre/lib/ext/jaccess.jar
  - /Library/Java/JavaVirtualMachines/jdk1.8.0_201.jdk/Contents/Home/jre/lib/ext/jfxrt.jar
  - /Library/Java/JavaVirtualMachines/jdk1.8.0_201.jdk/Contents/Home/jre/lib/ext/localedata.jar
  - /Library/Java/JavaVirtualMachines/jdk1.8.0_201.jdk/Contents/Home/jre/lib/ext/nashorn.jar
  - /Library/Java/JavaVirtualMachines/jdk1.8.0_201.jdk/Contents/Home/jre/lib/ext/sunec.jar
  - /Library/Java/JavaVirtualMachines/jdk1.8.0_201.jdk/Contents/Home/jre/lib/ext/sunjce_provider.jar
  - /Library/Java/JavaVirtualMachines/jdk1.8.0_201.jdk/Contents/Home/jre/lib/ext/sunpkcs11.jar
  - /Library/Java/JavaVirtualMachines/jdk1.8.0_201.jdk/Contents/Home/jre/lib/ext/zipfs.jar
  - /Library/Java/JavaVirtualMachines/jdk1.8.0_201.jdk/Contents/Home/jre/lib/javaws.jar
  - /Library/Java/JavaVirtualMachines/jdk1.8.0_201.jdk/Contents/Home/jre/lib/jce.jar
  - /Library/Java/JavaVirtualMachines/jdk1.8.0_201.jdk/Contents/Home/jre/lib/jfr.jar
  - /Library/Java/JavaVirtualMachines/jdk1.8.0_201.jdk/Contents/Home/jre/lib/jfxswt.jar
  - /Library/Java/JavaVirtualMachines/jdk1.8.0_201.jdk/Contents/Home/jre/lib/jsse.jar
  - /Library/Java/JavaVirtualMachines/jdk1.8.0_201.jdk/Contents/Home/jre/lib/management-agent.jar
  - /Library/Java/JavaVirtualMachines/jdk1.8.0_201.jdk/Contents/Home/jre/lib/plugin.jar
  - /Library/Java/JavaVirtualMachines/jdk1.8.0_201.jdk/Contents/Home/jre/lib/resources.jar
  - /Library/Java/JavaVirtualMachines/jdk1.8.0_201.jdk/Contents/Home/jre/lib/rt.jar
  - /Library/Java/JavaVirtualMachines/jdk1.8.0_201.jdk/Contents/Home/lib/ant-javafx.jar
  - /Library/Java/JavaVirtualMachines/jdk1.8.0_201.jdk/Contents/Home/lib/dt.jar
  - /Library/Java/JavaVirtualMachines/jdk1.8.0_201.jdk/Contents/Home/lib/javafx-mx.jar
  - /Library/Java/JavaVirtualMachines/jdk1.8.0_201.jdk/Contents/Home/lib/jconsole.jar
  - /Library/Java/JavaVirtualMachines/jdk1.8.0_201.jdk/Contents/Home/lib/packager.jar
  - /Library/Java/JavaVirtualMachines/jdk1.8.0_201.jdk/Contents/Home/lib/sa-jdi.jar
  - /Library/Java/JavaVirtualMachines/jdk1.8.0_201.jdk/Contents/Home/lib/tools.jar
  - /Users/henrique/Documents/4ano/ATS/projeto/demo1/target/test-classes
  - /Users/henrique/Documents/4ano/ATS/projeto/demo1/target/classes
  - /Users/henrique/.m2/repository/junit/junit/4.11/junit-4.11.jar
  - /Users/henrique/.m2/repository/org/hamcrest/hamcrest-core/1.3/hamcrest-core-1.3.jar
  - /Users/henrique/.m2/repository/org/junit/jupiter/junit-jupiter/5.6.0-M1/junit-jupiter-5.6.0-M1.jar
  - /Users/henrique/.m2/repository/org/junit/jupiter/junit-jupiter-api/5.6.0-M1/junit-jupiter-api-5.6.0-M1.jar
  - /Users/henrique/.m2/repository/org/apiguardian/apiguardian-api/1.1.0/apiguardian-api-1.1.0.jar
  - /Users/henrique/.m2/repository/org/opentest4j/opentest4j/1.2.0/opentest4j-1.2.0.jar
  - /Users/henrique/.m2/repository/org/junit/platform/junit-platform-commons/1.6.0-M1/junit-platform-commons-1.6.0-M1.jar
  - /Users/henrique/.m2/repository/org/junit/jupiter/junit-jupiter-params/5.6.0-M1/junit-jupiter-params-5.6.0-M1.jar
  - /Users/henrique/.m2/repository/org/junit/jupiter/junit-jupiter-engine/5.6.0-M1/junit-jupiter-engine-5.6.0-M1.jar
  - /Users/henrique/.m2/repository/org/junit/platform/junit-platform-engine/1.6.0-M1/junit-platform-engine-1.6.0-M1.jar
* Finished analyzing classpath
* Generating tests for class main.java.model.Client
* Test criteria:
  - Line Coverage
  - Branch Coverage
  - Exception
  - Mutation testing (weak)
  - Method-Output Coverage
  - Top-Level Method Coverage
  - No-Exception Top-Level Method Coverage
  - Context Branch Coverage
* Setting up search algorithm for whole suite generation
* Loaded 30 tests from /Users/henrique/Documents/4ano/ATS/projeto/demo1/.evosuite/evosuite-seeds/main.java.model.Client.seed
* Total number of test goals: 
  - Line 24
  - Branch 18
  - Exception 0
  - MutationFactory 19
  - Output 19
  - Method 9
  - MethodNoException 9
  - CBranchFitnessFactory 18
* Using seed 1576004206633
* Starting evolution
* Search finished after 92s and 1358 generations, 594385 statements, best individual has fitness: 4.166666666666667
* Writing sequences to pool
* Minimizing test suite
* Going to analyze the coverage criteria
* Coverage analysis for criterion LINE
* Coverage of criterion LINE: 100%
* Total number of goals: 24
* Number of covered goals: 24
* Coverage analysis for criterion BRANCH
* Coverage of criterion BRANCH: 100%
* Total number of goals: 18
* Number of covered goals: 18
* Coverage analysis for criterion EXCEPTION
* Coverage of criterion EXCEPTION: 100%
* Total number of goals: 5
* Number of covered goals: 5
* Coverage analysis for criterion WEAKMUTATION
* Coverage of criterion WEAKMUTATION: 100%
* Total number of goals: 19
* Number of covered goals: 19
* Coverage analysis for criterion OUTPUT
* Coverage of criterion OUTPUT: 79%
* Total number of goals: 19
* Number of covered goals: 15
* Coverage analysis for criterion METHOD
* Coverage of criterion METHOD: 100%
* Total number of goals: 9
* Number of covered goals: 9
* Coverage analysis for criterion METHODNOEXCEPTION
* Coverage of criterion METHODNOEXCEPTION: 100%
* Total number of goals: 9
* Number of covered goals: 9
* Coverage analysis for criterion CBRANCH
* Coverage of criterion CBRANCH: 100%
* Total number of goals: 18
* Number of covered goals: 18
* Generated 21 tests with total length 117
* Resulting test suite's coverage: 97% (average coverage for all fitness functions)
* Generating assertions
* Resulting test suite's mutation score: 76%
* Compiling and checking tests
* Permissions denied during test execution: 
  - java.io.FilePermission: 
         write /dev/random: 1
* Writing JUnit test case 'Client_ESTest' to /Users/henrique/Documents/4ano/ATS/projeto/demo1/.evosuite/tmp_2019_12_10_17_46_25/tests
* Done!

