* Starting client
* Properties loaded from /Users/henrique/Documents/4ano/ATS/projeto/demo1/evosuite-files/evosuite.properties
* Connecting to master process on port 2541
* Analyzing classpath: 
  - /Users/henrique/Documents/4ano/ATS/projeto/demo1/out/production/demo1
  - /Library/Java/JavaVirtualMachines/jdk1.8.0_201.jdk/Contents/Home/jre/lib/charsets.jar
  - /Library/Java/JavaVirtualMachines/jdk1.8.0_201.jdk/Contents/Home/jre/lib/deploy.jar
  - /Library/Java/JavaVirtualMachines/jdk1.8.0_201.jdk/Contents/Home/jre/lib/ext/cldrdata.jar
  - /Library/Java/JavaVirtualMachines/jdk1.8.0_201.jdk/Contents/Home/jre/lib/ext/dnsns.jar
  - /Library/Java/JavaVirtualMachines/jdk1.8.0_201.jdk/Contents/Home/jre/lib/ext/jaccess.jar
  - /Library/Java/JavaVirtualMachines/jdk1.8.0_201.jdk/Contents/Home/jre/lib/ext/jfxrt.jar
  - /Library/Java/JavaVirtualMachines/jdk1.8.0_201.jdk/Contents/Home/jre/lib/ext/localedata.jar
  - /Library/Java/JavaVirtualMachines/jdk1.8.0_201.jdk/Contents/Home/jre/lib/ext/nashorn.jar
  - /Library/Java/JavaVirtualMachines/jdk1.8.0_201.jdk/Contents/Home/jre/lib/ext/sunec.jar
  - /Library/Java/JavaVirtualMachines/jdk1.8.0_201.jdk/Contents/Home/jre/lib/ext/sunjce_provider.jar
  - /Library/Java/JavaVirtualMachines/jdk1.8.0_201.jdk/Contents/Home/jre/lib/ext/sunpkcs11.jar
  - /Library/Java/JavaVirtualMachines/jdk1.8.0_201.jdk/Contents/Home/jre/lib/ext/zipfs.jar
  - /Library/Java/JavaVirtualMachines/jdk1.8.0_201.jdk/Contents/Home/jre/lib/javaws.jar
  - /Library/Java/JavaVirtualMachines/jdk1.8.0_201.jdk/Contents/Home/jre/lib/jce.jar
  - /Library/Java/JavaVirtualMachines/jdk1.8.0_201.jdk/Contents/Home/jre/lib/jfr.jar
  - /Library/Java/JavaVirtualMachines/jdk1.8.0_201.jdk/Contents/Home/jre/lib/jfxswt.jar
  - /Library/Java/JavaVirtualMachines/jdk1.8.0_201.jdk/Contents/Home/jre/lib/jsse.jar
  - /Library/Java/JavaVirtualMachines/jdk1.8.0_201.jdk/Contents/Home/jre/lib/management-agent.jar
  - /Library/Java/JavaVirtualMachines/jdk1.8.0_201.jdk/Contents/Home/jre/lib/plugin.jar
  - /Library/Java/JavaVirtualMachines/jdk1.8.0_201.jdk/Contents/Home/jre/lib/resources.jar
  - /Library/Java/JavaVirtualMachines/jdk1.8.0_201.jdk/Contents/Home/jre/lib/rt.jar
  - /Library/Java/JavaVirtualMachines/jdk1.8.0_201.jdk/Contents/Home/lib/ant-javafx.jar
  - /Library/Java/JavaVirtualMachines/jdk1.8.0_201.jdk/Contents/Home/lib/dt.jar
  - /Library/Java/JavaVirtualMachines/jdk1.8.0_201.jdk/Contents/Home/lib/javafx-mx.jar
  - /Library/Java/JavaVirtualMachines/jdk1.8.0_201.jdk/Contents/Home/lib/jconsole.jar
  - /Library/Java/JavaVirtualMachines/jdk1.8.0_201.jdk/Contents/Home/lib/packager.jar
  - /Library/Java/JavaVirtualMachines/jdk1.8.0_201.jdk/Contents/Home/lib/sa-jdi.jar
  - /Library/Java/JavaVirtualMachines/jdk1.8.0_201.jdk/Contents/Home/lib/tools.jar
  - /Users/henrique/Documents/4ano/ATS/projeto/demo1/out/production/demo1
* Finished analyzing classpath
* Generating tests for class main.java.Main
* Test criteria:
  - Line Coverage
  - Branch Coverage
  - Exception
  - Mutation testing (weak)
  - Method-Output Coverage
  - Top-Level Method Coverage
  - No-Exception Top-Level Method Coverage
  - Context Branch Coverage
* Setting up search algorithm for whole suite generation
[MASTER] 22:50:32.923 [pool-2-thread-1] WARN  TestSuiteSerialization - Cannot load tests because file does not exist: /Users/henrique/Documents/4ano/ATS/projeto/demo1/.evosuite/evosuite-seeds/main.java.Main.seed
* Loaded 0 tests from /Users/henrique/Documents/4ano/ATS/projeto/demo1/.evosuite/evosuite-seeds/main.java.Main.seed
* Total number of test goals: 
  - Line 13
  - Branch 2
  - Exception 0
  - MutationFactory 12
  - Output 0
  - Method 2
  - MethodNoException 2
  - CBranchFitnessFactory 2
* Using seed 1574376625642
* Starting evolution
[MASTER] 22:50:33.006 [pool-2-thread-1] WARN  TimeController - Phase INITIALIZATION lasted too long, 2 seconds more than allowed.
* Search finished after 32s and 8 generations, 5710 statements, best individual has fitness: 1.5
* Writing sequences to pool
* Minimizing test suite
[MASTER] 22:51:09.722 [pool-2-thread-1] WARN  TestSuiteMinimizer - Minimization timeout. Roll back to original test suite
* Going to analyze the coverage criteria
* Coverage analysis for criterion LINE
* Coverage of criterion LINE: 100%
* Total number of goals: 13
* Number of covered goals: 13
* Coverage analysis for criterion BRANCH
* Coverage of criterion BRANCH: 100%
* Total number of goals: 2
* Number of covered goals: 2
* Coverage analysis for criterion EXCEPTION
* Coverage of criterion EXCEPTION: 100%
* Total number of goals: 1
* Number of covered goals: 1
* Coverage analysis for criterion WEAKMUTATION
* Coverage of criterion WEAKMUTATION: 92%
* Total number of goals: 12
* Number of covered goals: 11
* Coverage analysis for criterion OUTPUT
* Coverage of criterion OUTPUT: 100% (no goals)
* Coverage analysis for criterion METHOD
* Coverage of criterion METHOD: 100%
* Total number of goals: 2
* Number of covered goals: 2
* Coverage analysis for criterion METHODNOEXCEPTION
* Coverage of criterion METHODNOEXCEPTION: 100%
* Total number of goals: 2
* Number of covered goals: 2
* Coverage analysis for criterion CBRANCH
* Coverage of criterion CBRANCH: 100%
* Total number of goals: 2
* Number of covered goals: 2
* Generated 8 tests with total length 119
* Resulting test suite's coverage: 99% (average coverage for all fitness functions)
* Generating assertions
* Resulting test suite's mutation score: 0%
* Compiling and checking tests
* Writing JUnit test case 'Main_ESTest' to /Users/henrique/Documents/4ano/ATS/projeto/demo1/.evosuite/tmp_2019_11_21_21_46_46/tests
* Done!

