* Starting client
* Properties loaded from /Users/henrique/Documents/4ano/ATS/projeto/demo1/evosuite-files/evosuite.properties
* Connecting to master process on port 18941
* Analyzing classpath: 
  - /Users/henrique/Documents/4ano/ATS/projeto/demo1/out/production/demo1
  - /Library/Java/JavaVirtualMachines/jdk1.8.0_201.jdk/Contents/Home/jre/lib/charsets.jar
  - /Library/Java/JavaVirtualMachines/jdk1.8.0_201.jdk/Contents/Home/jre/lib/deploy.jar
  - /Library/Java/JavaVirtualMachines/jdk1.8.0_201.jdk/Contents/Home/jre/lib/ext/cldrdata.jar
  - /Library/Java/JavaVirtualMachines/jdk1.8.0_201.jdk/Contents/Home/jre/lib/ext/dnsns.jar
  - /Library/Java/JavaVirtualMachines/jdk1.8.0_201.jdk/Contents/Home/jre/lib/ext/jaccess.jar
  - /Library/Java/JavaVirtualMachines/jdk1.8.0_201.jdk/Contents/Home/jre/lib/ext/jfxrt.jar
  - /Library/Java/JavaVirtualMachines/jdk1.8.0_201.jdk/Contents/Home/jre/lib/ext/localedata.jar
  - /Library/Java/JavaVirtualMachines/jdk1.8.0_201.jdk/Contents/Home/jre/lib/ext/nashorn.jar
  - /Library/Java/JavaVirtualMachines/jdk1.8.0_201.jdk/Contents/Home/jre/lib/ext/sunec.jar
  - /Library/Java/JavaVirtualMachines/jdk1.8.0_201.jdk/Contents/Home/jre/lib/ext/sunjce_provider.jar
  - /Library/Java/JavaVirtualMachines/jdk1.8.0_201.jdk/Contents/Home/jre/lib/ext/sunpkcs11.jar
  - /Library/Java/JavaVirtualMachines/jdk1.8.0_201.jdk/Contents/Home/jre/lib/ext/zipfs.jar
  - /Library/Java/JavaVirtualMachines/jdk1.8.0_201.jdk/Contents/Home/jre/lib/javaws.jar
  - /Library/Java/JavaVirtualMachines/jdk1.8.0_201.jdk/Contents/Home/jre/lib/jce.jar
  - /Library/Java/JavaVirtualMachines/jdk1.8.0_201.jdk/Contents/Home/jre/lib/jfr.jar
  - /Library/Java/JavaVirtualMachines/jdk1.8.0_201.jdk/Contents/Home/jre/lib/jfxswt.jar
  - /Library/Java/JavaVirtualMachines/jdk1.8.0_201.jdk/Contents/Home/jre/lib/jsse.jar
  - /Library/Java/JavaVirtualMachines/jdk1.8.0_201.jdk/Contents/Home/jre/lib/management-agent.jar
  - /Library/Java/JavaVirtualMachines/jdk1.8.0_201.jdk/Contents/Home/jre/lib/plugin.jar
  - /Library/Java/JavaVirtualMachines/jdk1.8.0_201.jdk/Contents/Home/jre/lib/resources.jar
  - /Library/Java/JavaVirtualMachines/jdk1.8.0_201.jdk/Contents/Home/jre/lib/rt.jar
  - /Library/Java/JavaVirtualMachines/jdk1.8.0_201.jdk/Contents/Home/lib/ant-javafx.jar
  - /Library/Java/JavaVirtualMachines/jdk1.8.0_201.jdk/Contents/Home/lib/dt.jar
  - /Library/Java/JavaVirtualMachines/jdk1.8.0_201.jdk/Contents/Home/lib/javafx-mx.jar
  - /Library/Java/JavaVirtualMachines/jdk1.8.0_201.jdk/Contents/Home/lib/jconsole.jar
  - /Library/Java/JavaVirtualMachines/jdk1.8.0_201.jdk/Contents/Home/lib/packager.jar
  - /Library/Java/JavaVirtualMachines/jdk1.8.0_201.jdk/Contents/Home/lib/sa-jdi.jar
  - /Library/Java/JavaVirtualMachines/jdk1.8.0_201.jdk/Contents/Home/lib/tools.jar
  - /Users/henrique/Documents/4ano/ATS/projeto/demo1/out/production/demo1
* Finished analyzing classpath
* Generating tests for class main.java.controller.Controller
* Test criteria:
  - Line Coverage
  - Branch Coverage
  - Exception
  - Mutation testing (weak)
  - Method-Output Coverage
  - Top-Level Method Coverage
  - No-Exception Top-Level Method Coverage
  - Context Branch Coverage
* Setting up search algorithm for whole suite generation
[MASTER] 22:02:10.724 [pool-2-thread-1] WARN  TestSuiteSerialization - Cannot load tests because file does not exist: /Users/henrique/Documents/4ano/ATS/projeto/demo1/.evosuite/evosuite-seeds/main.java.controller.Controller.seed
* Loaded 0 tests from /Users/henrique/Documents/4ano/ATS/projeto/demo1/.evosuite/evosuite-seeds/main.java.controller.Controller.seed
* Total number of test goals: 
  - Line 263
  - Branch 79
  - Exception 0
  - MutationFactory 97
  - Output 48
  - Method 18
  - MethodNoException 18
  - CBranchFitnessFactory 79
* Using seed 1574373722886
* Starting evolution
* Search finished after 456s and 1509 generations, 206908 statements, best individual has fitness: 332.2697756491874
* Writing sequences to pool
* Minimizing test suite
* Going to analyze the coverage criteria
* Coverage analysis for criterion LINE
* Coverage of criterion LINE: 29%
* Total number of goals: 263
* Number of covered goals: 77
* Coverage analysis for criterion BRANCH
* Coverage of criterion BRANCH: 41%
* Total number of goals: 79
* Number of covered goals: 32
* Coverage analysis for criterion EXCEPTION
* Coverage of criterion EXCEPTION: 100%
* Total number of goals: 29
* Number of covered goals: 29
* Coverage analysis for criterion WEAKMUTATION
* Coverage of criterion WEAKMUTATION: 19%
* Total number of goals: 97
* Number of covered goals: 18
* Coverage analysis for criterion OUTPUT
* Coverage of criterion OUTPUT: 17%
* Total number of goals: 48
* Number of covered goals: 8
* Coverage analysis for criterion METHOD
* Coverage of criterion METHOD: 100%
* Total number of goals: 18
* Number of covered goals: 18
* Coverage analysis for criterion METHODNOEXCEPTION
* Coverage of criterion METHODNOEXCEPTION: 56%
* Total number of goals: 18
* Number of covered goals: 10
* Coverage analysis for criterion CBRANCH
* Coverage of criterion CBRANCH: 41%
* Total number of goals: 79
* Number of covered goals: 32
* Generated 38 tests with total length 127
* Resulting test suite's coverage: 50% (average coverage for all fitness functions)
* Generating assertions
* Resulting test suite's mutation score: 8%
* Compiling and checking tests
* Permissions denied during test execution: 
  - java.lang.RuntimePermission: 
         writeFileDescriptor: 1
* Writing JUnit test case 'Controller_ESTest' to /Users/henrique/Documents/4ano/ATS/projeto/demo1/.evosuite/tmp_2019_11_21_21_46_46/tests
* Done!

